# JRE version: OpenJDK Runtime Environment (8.0_242-b01) (build 1.8.0_242-release-1644-b01)
# Java VM: OpenJDK 64-Bit Server VM (25.242-b01 mixed mode windows-amd64 compressed oops)
Heap:
 PSYoungGen      total 310272K, used 20798K [0x00000000d5580000, 0x00000000e9780000, 0x0000000100000000)
  eden space 291840K, 6% used [0x00000000d5580000,0x00000000d6950268,0x00000000e7280000)
  from space 18432K, 2% used [0x00000000e8580000,0x00000000e85ff780,0x00000000e9780000)
  to   space 18944K, 0% used [0x00000000e7280000,0x00000000e7280000,0x00000000e8500000)
 ParOldGen       total 71680K, used 71642K [0x0000000080000000, 0x0000000084600000, 0x00000000d5580000)
  object space 71680K, 99% used [0x0000000080000000,0x00000000845f69e8,0x0000000084600000)
 Metaspace       used 71718K, capacity 74704K, committed 75048K, reserved 1114112K
  class space    used 9330K, capacity 9932K, committed 10032K, reserved 1048576K
GC Heap History (10 events):
Event: 23.275 GC heap before
{Heap before GC invocations=14 (full 2):
 PSYoungGen      total 209920K, used 109610K [0x00000000d5580000, 0x00000000e9800000, 0x0000000100000000)
  eden space 197120K, 49% used [0x00000000d5580000,0x00000000db40b718,0x00000000e1600000)
  from space 12800K, 99% used [0x00000000e1600000,0x00000000e227f350,0x00000000e2280000)
  to   space 18944K, 0% used [0x00000000e8580000,0x00000000e8580000,0x00000000e9800000)
 ParOldGen       total 40960K, used 26002K [0x0000000080000000, 0x0000000082800000, 0x00000000d5580000)
  object space 40960K, 63% used [0x0000000080000000,0x0000000081964b00,0x0000000082800000)
 Metaspace       used 56948K, capacity 59062K, committed 59160K, reserved 1099776K
  class space    used 7818K, capacity 8303K, committed 8368K, reserved 1048576K
Event: 23.381 GC heap after
Heap after GC invocations=14 (full 2):
 PSYoungGen      total 310272K, used 10543K [0x00000000d5580000, 0x00000000e9780000, 0x0000000100000000)
  eden space 291840K, 0% used [0x00000000d5580000,0x00000000d5580000,0x00000000e7280000)
  from space 18432K, 57% used [0x00000000e8580000,0x00000000e8fcbde8,0x00000000e9780000)
  to   space 18944K, 0% used [0x00000000e7280000,0x00000000e7280000,0x00000000e8500000)
 ParOldGen       total 40960K, used 38632K [0x0000000080000000, 0x0000000082800000, 0x00000000d5580000)
  object space 40960K, 94% used [0x0000000080000000,0x00000000825ba078,0x0000000082800000)
 Metaspace       used 56948K, capacity 59062K, committed 59160K, reserved 1099776K
  class space    used 7818K, capacity 8303K, committed 8368K, reserved 1048576K
}
Event: 23.381 GC heap before
{Heap before GC invocations=15 (full 3):
 PSYoungGen      total 310272K, used 10543K [0x00000000d5580000, 0x00000000e9780000, 0x0000000100000000)
  eden space 291840K, 0% used [0x00000000d5580000,0x00000000d5580000,0x00000000e7280000)
  from space 18432K, 57% used [0x00000000e8580000,0x00000000e8fcbde8,0x00000000e9780000)
  to   space 18944K, 0% used [0x00000000e7280000,0x00000000e7280000,0x00000000e8500000)
 ParOldGen       total 40960K, used 38632K [0x0000000080000000, 0x0000000082800000, 0x00000000d5580000)
  object space 40960K, 94% used [0x0000000080000000,0x00000000825ba078,0x0000000082800000)
 Metaspace       used 56948K, capacity 59062K, committed 59160K, reserved 1099776K
  class space    used 7818K, capacity 8303K, committed 8368K, reserved 1048576K
Event: 23.804 GC heap after
Heap after GC invocations=15 (full 3):
 PSYoungGen      total 310272K, used 0K [0x00000000d5580000, 0x00000000e9780000, 0x0000000100000000)
  eden space 291840K, 0% used [0x00000000d5580000,0x00000000d5580000,0x00000000e7280000)
  from space 18432K, 0% used [0x00000000e8580000,0x00000000e8580000,0x00000000e9780000)
  to   space 18944K, 0% used [0x00000000e7280000,0x00000000e7280000,0x00000000e8500000)
 ParOldGen       total 71680K, used 35491K [0x0000000080000000, 0x0000000084600000, 0x00000000d5580000)
  object space 71680K, 49% used [0x0000000080000000,0x00000000822a8c68,0x0000000084600000)
 Metaspace       used 56935K, capacity 59020K, committed 59160K, reserved 1099776K
  class space    used 7814K, capacity 8296K, committed 8368K, reserved 1048576K
}
Event: 97.347 GC heap before
{Heap before GC invocations=16 (full 3):
 PSYoungGen      total 310272K, used 291840K [0x00000000d5580000, 0x00000000e9780000, 0x0000000100000000)
  eden space 291840K, 100% used [0x00000000d5580000,0x00000000e7280000,0x00000000e7280000)
  from space 18432K, 0% used [0x00000000e8580000,0x00000000e8580000,0x00000000e9780000)
  to   space 18944K, 0% used [0x00000000e7280000,0x00000000e7280000,0x00000000e8500000)
 ParOldGen       total 71680K, used 35491K [0x0000000080000000, 0x0000000084600000, 0x00000000d5580000)
  object space 71680K, 49% used [0x0000000080000000,0x00000000822a8c68,0x0000000084600000)
 Metaspace       used 66664K, capacity 69530K, committed 69544K, reserved 1110016K
  class space    used 8815K, capacity 9381K, committed 9392K, reserved 1048576K
Event: 98.621 GC heap after
Heap after GC invocations=16 (full 3):
 PSYoungGen      total 310784K, used 18937K [0x00000000d5580000, 0x00000000e9780000, 0x0000000100000000)
  eden space 291840K, 0% used [0x00000000d5580000,0x00000000d5580000,0x00000000e7280000)
  from space 18944K, 99% used [0x00000000e7280000,0x00000000e84fe4e0,0x00000000e8500000)
  to   space 18432K, 0% used [0x00000000e8580000,0x00000000e8580000,0x00000000e9780000)
 ParOldGen       total 71680K, used 41092K [0x0000000080000000, 0x0000000084600000, 0x00000000d5580000)
  object space 71680K, 57% used [0x0000000080000000,0x00000000828213d0,0x0000000084600000)
 Metaspace       used 66664K, capacity 69530K, committed 69544K, reserved 1110016K
  class space    used 8815K, capacity 9381K, committed 9392K, reserved 1048576K
}
Event: 114.219 GC heap before
{Heap before GC invocations=17 (full 3):
 PSYoungGen      total 310784K, used 310777K [0x00000000d5580000, 0x00000000e9780000, 0x0000000100000000)
  eden space 291840K, 100% used [0x00000000d5580000,0x00000000e7280000,0x00000000e7280000)
  from space 18944K, 99% used [0x00000000e7280000,0x00000000e84fe4e0,0x00000000e8500000)
  to   space 18432K, 0% used [0x00000000e8580000,0x00000000e8580000,0x00000000e9780000)
 ParOldGen       total 71680K, used 41092K [0x0000000080000000, 0x0000000084600000, 0x00000000d5580000)
  object space 71680K, 57% used [0x0000000080000000,0x00000000828213d0,0x0000000084600000)
 Metaspace       used 71629K, capacity 74710K, committed 75048K, reserved 1114112K
  class space    used 9336K, capacity 9957K, committed 10032K, reserved 1048576K
Event: 114.796 GC heap after
Heap after GC invocations=17 (full 3):
 PSYoungGen      total 310272K, used 18430K [0x00000000d5580000, 0x00000000e9780000, 0x0000000100000000)
  eden space 291840K, 0% used [0x00000000d5580000,0x00000000d5580000,0x00000000e7280000)
  from space 18432K, 99% used [0x00000000e8580000,0x00000000e977fa08,0x00000000e9780000)
  to   space 18944K, 0% used [0x00000000e7280000,0x00000000e7280000,0x00000000e8500000)
 ParOldGen       total 71680K, used 71643K [0x0000000080000000, 0x0000000084600000, 0x00000000d5580000)
  object space 71680K, 99% used [0x0000000080000000,0x00000000845f6cc8,0x0000000084600000)
 Metaspace       used 71629K, capacity 74710K, committed 75048K, reserved 1114112K
  class space    used 9336K, capacity 9957K, committed 10032K, reserved 1048576K
}
Event: 114.797 GC heap before
{Heap before GC invocations=18 (full 4):
 PSYoungGen      total 310272K, used 18430K [0x00000000d5580000, 0x00000000e9780000, 0x0000000100000000)
  eden space 291840K, 0% used [0x00000000d5580000,0x00000000d5580000,0x00000000e7280000)
  from space 18432K, 99% used [0x00000000e8580000,0x00000000e977fa08,0x00000000e9780000)
  to   space 18944K, 0% used [0x00000000e7280000,0x00000000e7280000,0x00000000e8500000)
 ParOldGen       total 71680K, used 71643K [0x0000000080000000, 0x0000000084600000, 0x00000000d5580000)
  object space 71680K, 99% used [0x0000000080000000,0x00000000845f6cc8,0x0000000084600000)
 Metaspace       used 71629K, capacity 74710K, committed 75048K, reserved 1114112K
  class space    used 9336K, capacity 9957K, committed 10032K, reserved 1048576K
Event: 117.308 GC heap after
Heap after GC invocations=18 (full 4):
 PSYoungGen      total 310272K, used 509K [0x00000000d5580000, 0x00000000e9780000, 0x0000000100000000)
  eden space 291840K, 0% used [0x00000000d5580000,0x00000000d5580000,0x00000000e7280000)
  from space 18432K, 2% used [0x00000000e8580000,0x00000000e85ff780,0x00000000e9780000)
  to   space 18944K, 0% used [0x00000000e7280000,0x00000000e7280000,0x00000000e8500000)
 ParOldGen       total 71680K, used 71642K [0x0000000080000000, 0x0000000084600000, 0x00000000d5580000)
  object space 71680K, 99% used [0x0000000080000000,0x00000000845f69e8,0x0000000084600000)
 Metaspace       used 71581K, capacity 74570K, committed 75048K, reserved 1114112K
  class space    used 9322K, capacity 9931K, committed 10032K, reserved 1048576K
}

